2023-02-14 11:06:49,299 - tuyacloud.TuyaCloudClient - INFO - script started
2023-02-14 11:06:49,300 - tuyacloud.TuyaCloudClient - DEBUG - Request URL: https://openapi.tuyaeu.com/v1.0/token?grant_type=1
2023-02-14 11:06:49,671 - tuyacloud.TuyaCloudClient - DEBUG - GET: response code=200 text={"result":{"access_token":"87cd707171233ed8cb20916c3bff86db","expire_time":6641,"refresh_token":"9af4401c25a3a54f3e33ad41c37c7c4b","uid":"ay1563288557476XuyqE"},"success":true,"t":1676362008991,"tid":"881b887fac3e11edaee5be2f74bef187"} token=None
2023-02-14 11:06:49,672 - tuyacloud.TuyaCloudClient - DEBUG - Request URL: https://openapi.tuyaeu.com/v1.0/industry/auth/admin
2023-02-14 11:06:49,673 - tuyacloud.TuyaCloudClient - DEBUG - POST: URL=https://openapi.tuyaeu.com/v1.0/industry/auth/admin HEADERS={'Content-type': 'application/json', 'Signature-Headers': 'Content-type', 'client_id': '4fuehnegqrfqspnpymn9', 'sign': '985F4A6A4AD26FF6FC32AFDB0632F7FD4CF123E5A3CACF19D87C04FE3D6C2D16', 't': '1676362009672', 'sign_method': 'HMAC-SHA256', 'access_token': '87cd707171233ed8cb20916c3bff86db'} DATA={}
2023-02-14 11:10:08,855 - tuyacloud.TuyaCloudClient - INFO - script started
2023-02-14 11:10:08,855 - tuyacloud.TuyaCloudClient - DEBUG - Request URL: https://openapi.tuyaeu.com/v1.0/token?grant_type=1
2023-02-14 11:10:09,114 - tuyacloud.TuyaCloudClient - DEBUG - GET: response code=200 text={"result":{"access_token":"87cd707171233ed8cb20916c3bff86db","expire_time":6441,"refresh_token":"9af4401c25a3a54f3e33ad41c37c7c4b","uid":"ay1563288557476XuyqE"},"success":true,"t":1676362208435,"tid":"fefccc12ac3e11ed954a4e3668f00a74"} token=None
2023-02-14 11:10:09,115 - tuyacloud.TuyaCloudClient - DEBUG - Request URL: https://openapi.tuyaeu.com/v1.0/industry/auth/admin
2023-02-14 11:10:09,117 - tuyacloud.TuyaCloudClient - DEBUG - POST: URL=https://openapi.tuyaeu.com/v1.0/industry/auth/admin HEADERS={'Content-type': 'application/json', 'Signature-Headers': 'Content-type', 'client_id': '4fuehnegqrfqspnpymn9', 'sign': 'AA2AF5CE48071B6253B454BEDC9D61DF0FC0B0DC0C1F715CDBCA00F23D760A59', 't': '1676362209115', 'sign_method': 'HMAC-SHA256', 'access_token': '87cd707171233ed8cb20916c3bff86db'} DATA={"username": "797uu1@bk.ru", "countryCode": "7"}
2023-02-14 11:10:24,574 - tuyacloud.TuyaCloudClient - INFO - script started
2023-02-14 11:10:24,574 - tuyacloud.TuyaCloudClient - DEBUG - Request URL: https://openapi.tuyaeu.com/v1.0/token?grant_type=1
2023-02-14 11:10:24,854 - tuyacloud.TuyaCloudClient - DEBUG - GET: response code=200 text={"result":{"access_token":"87cd707171233ed8cb20916c3bff86db","expire_time":6425,"refresh_token":"9af4401c25a3a54f3e33ad41c37c7c4b","uid":"ay1563288557476XuyqE"},"success":true,"t":1676362224176,"tid":"085df59bac3f11ed8a3392fe1232b0cc"} token=None
2023-02-14 11:10:24,856 - tuyacloud.TuyaCloudClient - DEBUG - Request URL: https://openapi.tuyaeu.com/v1.0/industry/auth/admin
2023-02-14 11:10:24,857 - tuyacloud.TuyaCloudClient - DEBUG - POST: URL=https://openapi.tuyaeu.com/v1.0/industry/auth/admin HEADERS={'Content-type': 'application/json', 'Signature-Headers': 'Content-type', 'client_id': '4fuehnegqrfqspnpymn9', 'sign': '2B369FC06C4F0892A32977C9C84C211A31D4B6F2457C6A6066342B73AD917AB3', 't': '1676362224856', 'sign_method': 'HMAC-SHA256', 'access_token': '87cd707171233ed8cb20916c3bff86db'} DATA={"username": "797uu11111@bk.ru", "countryCode": "7"}
2023-02-14 11:10:35,209 - tuyacloud.TuyaCloudClient - INFO - script started
2023-02-14 11:10:35,209 - tuyacloud.TuyaCloudClient - DEBUG - Request URL: https://openapi.tuyaeu.com/v1.0/token?grant_type=1
2023-02-14 11:10:35,480 - tuyacloud.TuyaCloudClient - DEBUG - GET: response code=200 text={"result":{"access_token":"87cd707171233ed8cb20916c3bff86db","expire_time":6415,"refresh_token":"9af4401c25a3a54f3e33ad41c37c7c4b","uid":"ay1563288557476XuyqE"},"success":true,"t":1676362234798,"tid":"0eb37f4fac3f11ed8a3392fe1232b0cc"} token=None
2023-02-14 11:10:35,482 - tuyacloud.TuyaCloudClient - DEBUG - Request URL: https://openapi.tuyaeu.com/v1.0/industry/auth/admin
2023-02-14 11:10:35,483 - tuyacloud.TuyaCloudClient - DEBUG - POST: URL=https://openapi.tuyaeu.com/v1.0/industry/auth/admin HEADERS={'Content-type': 'application/json', 'Signature-Headers': 'Content-type', 'client_id': '4fuehnegqrfqspnpymn9', 'sign': 'C941039B57A9B8273C2E50ADB4B2DC26407B88BDBCF6AE58A1CD19C92FC5858E', 't': '1676362235482', 'sign_method': 'HMAC-SHA256', 'access_token': '87cd707171233ed8cb20916c3bff86db'} DATA={"username": "797uu11111@bk.ru", "countryCode": "9999"}
2023-02-14 11:10:49,334 - tuyacloud.TuyaCloudClient - INFO - script started
2023-02-14 11:10:49,335 - tuyacloud.TuyaCloudClient - DEBUG - Request URL: https://openapi.tuyaeu.com/v1.0/token?grant_type=1
2023-02-14 11:10:49,559 - tuyacloud.TuyaCloudClient - DEBUG - GET: response code=200 text={"result":{"access_token":"87cd707171233ed8cb20916c3bff86db","expire_time":6401,"refresh_token":"9af4401c25a3a54f3e33ad41c37c7c4b","uid":"ay1563288557476XuyqE"},"success":true,"t":1676362248884,"tid":"1718c75aac3f11ed8a3392fe1232b0cc"} token=None
2023-02-14 11:10:49,560 - tuyacloud.TuyaCloudClient - DEBUG - Request URL: https://openapi.tuyaeu.com/v1.0/industry/auth/admin
2023-02-14 11:10:49,560 - tuyacloud.TuyaCloudClient - DEBUG - POST: URL=https://openapi.tuyaeu.com/v1.0/industry/auth/admin HEADERS={'Content-type': 'application/json', 'Signature-Headers': 'Content-type', 'client_id': '4fuehnegqrfqspnpymn9', 'sign': 'DA7E431BC4AD6911820A91F5D4588521E5524714EB9324AD70CB761189E49B26', 't': '1676362249560', 'sign_method': 'HMAC-SHA256', 'access_token': '87cd707171233ed8cb20916c3bff86db'} DATA={"username": "ASDFASDFSSDFASDF ASDF ASDF ASDF", "countryCode": "9999"}
2023-02-14 11:11:09,139 - tuyacloud.TuyaCloudClient - INFO - script started
2023-02-14 11:11:09,139 - tuyacloud.TuyaCloudClient - DEBUG - Request URL: https://openapi.tuyaeu.com/v1.0/token?grant_type=1
2023-02-14 11:11:09,390 - tuyacloud.TuyaCloudClient - DEBUG - GET: response code=200 text={"result":{"access_token":"87cd707171233ed8cb20916c3bff86db","expire_time":6381,"refresh_token":"9af4401c25a3a54f3e33ad41c37c7c4b","uid":"ay1563288557476XuyqE"},"success":true,"t":1676362268714,"tid":"22ea7387ac3f11edaee5be2f74bef187"} token=None
2023-02-14 11:11:09,391 - tuyacloud.TuyaCloudClient - DEBUG - Request URL: https://openapi.tuyaeu.com/v1.0/industry/auth/admin
2023-02-14 11:11:09,392 - tuyacloud.TuyaCloudClient - DEBUG - POST: URL=https://openapi.tuyaeu.com/v1.0/industry/auth/admin HEADERS={'Content-type': 'application/json', 'Signature-Headers': 'Content-type', 'client_id': '4fuehnegqrfqspnpymn9', 'sign': '5CF162AF51006812E638D139B353D2EDC8973ACB1567DC5ADABF61DEF0BA4ED6', 't': '1676362269391', 'sign_method': 'HMAC-SHA256', 'access_token': '87cd707171233ed8cb20916c3bff86db'} DATA={"username": "797uu1@bk.ru"}
2023-02-14 11:13:49,266 - tuyacloud.TuyaCloudClient - INFO - script started
2023-02-14 11:13:49,267 - tuyacloud.TuyaCloudClient - DEBUG - Request URL: https://openapi.tuyaeu.com/v1.0/token?grant_type=1
2023-02-14 11:13:49,583 - tuyacloud.TuyaCloudClient - DEBUG - GET: response code=200 text={"result":{"access_token":"87cd707171233ed8cb20916c3bff86db","expire_time":6221,"refresh_token":"9af4401c25a3a54f3e33ad41c37c7c4b","uid":"ay1563288557476XuyqE"},"success":true,"t":1676362428903,"tid":"82647341ac3f11ed838e2a0aa76353ad"} token=None
2023-02-14 11:13:49,585 - tuyacloud.TuyaCloudClient - DEBUG - Request URL: https://openapi.tuyaeu.com/v1.0/industry/auth/admin
2023-02-14 11:13:49,586 - tuyacloud.TuyaCloudClient - DEBUG - POST: URL=https://openapi.tuyaeu.com/v1.0/industry/auth/admin HEADERS={'Content-type': 'application/json', 'Signature-Headers': 'Content-type', 'client_id': '4fuehnegqrfqspnpymn9', 'sign': 'F975B58068E389ECCB3052DA3D718902428F6DCA4DD590ACDD4A91B10F8007CC', 't': '1676362429585', 'sign_method': 'HMAC-SHA256', 'access_token': '87cd707171233ed8cb20916c3bff86db'} DATA={"username": "797uu1@bk.ru"}
2023-02-14 11:13:49,885 - tuyacloud.TuyaCloudClient - DEBUG - Request URL: https://openapi.tuyaeu.com/v1.0/industry/auth/ticket
2023-02-14 11:13:49,885 - tuyacloud.TuyaCloudClient - DEBUG - POST: URL=https://openapi.tuyaeu.com/v1.0/industry/auth/ticket HEADERS={'Content-type': 'application/json', 'Signature-Headers': 'Content-type', 'client_id': '4fuehnegqrfqspnpymn9', 'sign': 'A04EE6F6EAFC06E1793BBE048B3DEC451A2B76844D0A2771E49A9CD4DD19AB0C', 't': '1676362429885', 'sign_method': 'HMAC-SHA256', 'access_token': '87cd707171233ed8cb20916c3bff86db'} DATA={"username": "sssssssS123123"}
2023-02-14 11:13:57,182 - tuyacloud.TuyaCloudClient - INFO - script started
2023-02-14 11:13:57,183 - tuyacloud.TuyaCloudClient - DEBUG - Request URL: https://openapi.tuyaeu.com/v1.0/token?grant_type=1
2023-02-14 11:13:57,394 - tuyacloud.TuyaCloudClient - DEBUG - GET: response code=200 text={"result":{"access_token":"87cd707171233ed8cb20916c3bff86db","expire_time":6213,"refresh_token":"9af4401c25a3a54f3e33ad41c37c7c4b","uid":"ay1563288557476XuyqE"},"success":true,"t":1676362436717,"tid":"870db0c1ac3f11ed954a4e3668f00a74"} token=None
2023-02-14 11:13:57,395 - tuyacloud.TuyaCloudClient - DEBUG - Request URL: https://openapi.tuyaeu.com/v1.0/industry/auth/admin
2023-02-14 11:13:57,395 - tuyacloud.TuyaCloudClient - DEBUG - POST: URL=https://openapi.tuyaeu.com/v1.0/industry/auth/admin HEADERS={'Content-type': 'application/json', 'Signature-Headers': 'Content-type', 'client_id': '4fuehnegqrfqspnpymn9', 'sign': '696DA690BB0141541BF829F16C94AF5DDBFC8BE0607422425696F042CC30BC84', 't': '1676362437395', 'sign_method': 'HMAC-SHA256', 'access_token': '87cd707171233ed8cb20916c3bff86db'} DATA={"username": "797uu1@bk.ru"}
2023-02-14 11:13:57,853 - tuyacloud.TuyaCloudClient - DEBUG - Request URL: https://openapi.tuyaeu.com/v1.0/industry/auth/ticket
2023-02-14 11:13:57,854 - tuyacloud.TuyaCloudClient - DEBUG - POST: URL=https://openapi.tuyaeu.com/v1.0/industry/auth/ticket HEADERS={'Content-type': 'application/json', 'Signature-Headers': 'Content-type', 'client_id': '4fuehnegqrfqspnpymn9', 'sign': 'E402F2C4123CC548A5547F303A9EE5A7FE65BE032ECCD58BEFB81EAB16D0FF0B', 't': '1676362437853', 'sign_method': 'HMAC-SHA256', 'access_token': '87cd707171233ed8cb20916c3bff86db'} DATA={"username": "797uu1@bk.ru"}
2023-02-14 11:15:01,960 - tuyacloud.TuyaCloudClient - INFO - script started
2023-02-14 11:15:01,960 - tuyacloud.TuyaCloudClient - DEBUG - Request URL: https://openapi.tuyaeu.com/v1.0/token?grant_type=1
2023-02-14 11:15:02,309 - tuyacloud.TuyaCloudClient - DEBUG - GET: response code=200 text={"result":{"access_token":"87cd707171233ed8cb20916c3bff86db","expire_time":6148,"refresh_token":"9af4401c25a3a54f3e33ad41c37c7c4b","uid":"ay1563288557476XuyqE"},"success":true,"t":1676362501632,"tid":"adbf3e4aac3f11ed954a4e3668f00a74"} token=None
2023-02-14 11:15:02,310 - tuyacloud.TuyaCloudClient - DEBUG - Request URL: https://openapi.tuyaeu.com/v1.0/industry/auth/admin
2023-02-14 11:15:02,310 - tuyacloud.TuyaCloudClient - DEBUG - POST: URL=https://openapi.tuyaeu.com/v1.0/industry/auth/admin HEADERS={'Content-type': 'application/json', 'Signature-Headers': 'Content-type', 'client_id': '4fuehnegqrfqspnpymn9', 'sign': '2CE8EB284EA0F11F5B950EA4F0B9D76604C43F90DE302BBCDCB4D17D7059E714', 't': '1676362502310', 'sign_method': 'HMAC-SHA256', 'access_token': '87cd707171233ed8cb20916c3bff86db'} DATA={"username": "797uu1@bk.ru\u042b\u042b\u042b\u042b\u042b\u042b\u042b\u042b"}
2023-02-14 11:15:03,187 - tuyacloud.TuyaCloudClient - DEBUG - Request URL: https://openapi.tuyaeu.com/v1.0/industry/auth/ticket
2023-02-14 11:15:03,189 - tuyacloud.TuyaCloudClient - DEBUG - POST: URL=https://openapi.tuyaeu.com/v1.0/industry/auth/ticket HEADERS={'Content-type': 'application/json', 'Signature-Headers': 'Content-type', 'client_id': '4fuehnegqrfqspnpymn9', 'sign': 'E0CB8D131794D3B9415EA401F8BE9D3C21E74091052B6F9A7C272E4DA8399F36', 't': '1676362503187', 'sign_method': 'HMAC-SHA256', 'access_token': '87cd707171233ed8cb20916c3bff86db'} DATA={"username": "797uu1@bk.ru\u042b\u042b\u042b\u042b\u042b\u042b\u042b\u042b"}
2023-02-14 11:15:16,170 - tuyacloud.TuyaCloudClient - INFO - script started
2023-02-14 11:15:16,171 - tuyacloud.TuyaCloudClient - DEBUG - Request URL: https://openapi.tuyaeu.com/v1.0/token?grant_type=1
2023-02-14 11:15:16,374 - tuyacloud.TuyaCloudClient - DEBUG - GET: response code=200 text={"result":{"access_token":"87cd707171233ed8cb20916c3bff86db","expire_time":6134,"refresh_token":"9af4401c25a3a54f3e33ad41c37c7c4b","uid":"ay1563288557476XuyqE"},"success":true,"t":1676362515690,"tid":"b6204710ac3f11ed838e2a0aa76353ad"} token=None
2023-02-14 11:15:16,376 - tuyacloud.TuyaCloudClient - DEBUG - Request URL: https://openapi.tuyaeu.com/v1.0/industry/auth/admin
2023-02-14 11:15:16,377 - tuyacloud.TuyaCloudClient - DEBUG - POST: URL=https://openapi.tuyaeu.com/v1.0/industry/auth/admin HEADERS={'Content-type': 'application/json', 'Signature-Headers': 'Content-type', 'client_id': '4fuehnegqrfqspnpymn9', 'sign': '4FE37196D6A52A0084010D67A2558FE6040DFE2619B6B7E428004350EB4B6D80', 't': '1676362516376', 'sign_method': 'HMAC-SHA256', 'access_token': '87cd707171233ed8cb20916c3bff86db'} DATA={"username": "797uu1@bk.ru"}
2023-02-14 11:15:16,648 - tuyacloud.TuyaCloudClient - DEBUG - Request URL: https://openapi.tuyaeu.com/v1.0/industry/auth/ticket
2023-02-14 11:15:16,649 - tuyacloud.TuyaCloudClient - DEBUG - POST: URL=https://openapi.tuyaeu.com/v1.0/industry/auth/ticket HEADERS={'Content-type': 'application/json', 'Signature-Headers': 'Content-type', 'client_id': '4fuehnegqrfqspnpymn9', 'sign': '5281F40E6209F4250B3A3BB9ED2984546757125D16B8711CA910231E65DAFA3F', 't': '1676362516648', 'sign_method': 'HMAC-SHA256', 'access_token': '87cd707171233ed8cb20916c3bff86db'} DATA={"username": "797uu1@bk.ru"}
2023-02-14 11:15:34,756 - tuyacloud.TuyaCloudClient - INFO - script started
2023-02-14 11:15:34,756 - tuyacloud.TuyaCloudClient - DEBUG - Request URL: https://openapi.tuyaeu.com/v1.0/token?grant_type=1
2023-02-14 11:15:34,917 - tuyacloud.TuyaCloudClient - DEBUG - GET: response code=200 text={"result":{"access_token":"87cd707171233ed8cb20916c3bff86db","expire_time":6115,"refresh_token":"9af4401c25a3a54f3e33ad41c37c7c4b","uid":"ay1563288557476XuyqE"},"success":true,"t":1676362534238,"tid":"c12e8381ac3f11edaee5be2f74bef187"} token=None
2023-02-14 11:15:34,919 - tuyacloud.TuyaCloudClient - DEBUG - Request URL: https://openapi.tuyaeu.com/v1.0/industry/auth/admin
2023-02-14 11:15:34,920 - tuyacloud.TuyaCloudClient - DEBUG - POST: URL=https://openapi.tuyaeu.com/v1.0/industry/auth/admin HEADERS={'Content-type': 'application/json', 'Signature-Headers': 'Content-type', 'client_id': '4fuehnegqrfqspnpymn9', 'sign': '60856895B820BAAD9811BA75FAF34EEB84B9EFCD672A43487370CE065391CA24', 't': '1676362534919', 'sign_method': 'HMAC-SHA256', 'access_token': '87cd707171233ed8cb20916c3bff86db'} DATA={"username": "797uu1@bk.ru"}
2023-02-14 11:15:35,154 - tuyacloud.TuyaCloudClient - DEBUG - Request URL: https://openapi.tuyaeu.com/v1.0/industry/auth/ticket
2023-02-14 11:15:35,155 - tuyacloud.TuyaCloudClient - DEBUG - POST: URL=https://openapi.tuyaeu.com/v1.0/industry/auth/ticket HEADERS={'Content-type': 'application/json', 'Signature-Headers': 'Content-type', 'client_id': '4fuehnegqrfqspnpymn9', 'sign': '95ADCA7FA30507FDD84C664E8E01A79EDD2916BB6E626DA439714713E2214163', 't': '1676362535154', 'sign_method': 'HMAC-SHA256', 'access_token': '87cd707171233ed8cb20916c3bff86db'} DATA={"username": "797uu1@bk.ru"}
2023-02-14 11:16:15,619 - tuyacloud.TuyaCloudClient - INFO - script started
2023-02-14 11:16:15,619 - tuyacloud.TuyaCloudClient - DEBUG - Request URL: https://openapi.tuyaeu.com/v1.0/token?grant_type=1
2023-02-14 11:16:15,861 - tuyacloud.TuyaCloudClient - DEBUG - GET: response code=200 text={"result":{"access_token":"87cd707171233ed8cb20916c3bff86db","expire_time":6074,"refresh_token":"9af4401c25a3a54f3e33ad41c37c7c4b","uid":"ay1563288557476XuyqE"},"success":true,"t":1676362575183,"tid":"d9966dc2ac3f11ed954a4e3668f00a74"} token=None
2023-02-14 11:16:15,862 - tuyacloud.TuyaCloudClient - DEBUG - Request URL: https://openapi.tuyaeu.com/v1.0/industry/auth/admin
2023-02-14 11:16:15,863 - tuyacloud.TuyaCloudClient - DEBUG - POST: URL=https://openapi.tuyaeu.com/v1.0/industry/auth/admin HEADERS={'Content-type': 'application/json', 'Signature-Headers': 'Content-type', 'client_id': '4fuehnegqrfqspnpymn9', 'sign': 'B7313C032724439B3BCA53D77AE1B6DBF80D4FD0FD539EC8DC191FEEC436C033', 't': '1676362575862', 'sign_method': 'HMAC-SHA256', 'access_token': '87cd707171233ed8cb20916c3bff86db'} DATA={"username": "797uu1@bk.ru"}
2023-02-14 11:16:16,079 - tuyacloud.TuyaCloudClient - DEBUG - Request URL: https://openapi.tuyaeu.com/v1.0/industry/auth/ticket
2023-02-14 11:16:16,080 - tuyacloud.TuyaCloudClient - DEBUG - POST: URL=https://openapi.tuyaeu.com/v1.0/industry/auth/ticket HEADERS={'Content-type': 'application/json', 'Signature-Headers': 'Content-type', 'client_id': '4fuehnegqrfqspnpymn9', 'sign': 'EC4A0935ABED6DED6A106CEEC8E1384038F0239858D71F9EA7629C8D72A6E173', 't': '1676362576079', 'sign_method': 'HMAC-SHA256', 'access_token': '87cd707171233ed8cb20916c3bff86db'} DATA={"username": "797uu1@bk.ru", "countryCode": "7"}
2023-02-14 11:26:09,136 - tuyacloud.TuyaCloudClient - INFO - script started
2023-02-14 11:26:09,139 - tuyacloud.TuyaCloudClient - DEBUG - Request URL: https://openapi.tuyaeu.com/v1.0/token?grant_type=1
2023-02-14 11:26:09,460 - tuyacloud.TuyaCloudClient - DEBUG - GET: response code=200 text={"result":{"access_token":"87cd707171233ed8cb20916c3bff86db","expire_time":5481,"refresh_token":"9af4401c25a3a54f3e33ad41c37c7c4b","uid":"ay1563288557476XuyqE"},"success":true,"t":1676363168782,"tid":"3b65d116ac4111ed838e2a0aa76353ad"} token=None
2023-02-14 11:26:09,460 - tuyacloud.TuyaCloudClient - DEBUG - Request URL: https://openapi.tuyaeu.com/v1.0/industry/auth/admin
2023-02-14 11:26:09,461 - tuyacloud.TuyaCloudClient - DEBUG - POST: URL=https://openapi.tuyaeu.com/v1.0/industry/auth/admin HEADERS={'Content-type': 'application/json', 'Signature-Headers': 'Content-type', 'client_id': '4fuehnegqrfqspnpymn9', 'sign': '1D883078BF0BD376B97F760EE2B69D6382688292831D0ED70701D5C0E6D640D9', 't': '1676363169460', 'sign_method': 'HMAC-SHA256', 'access_token': '87cd707171233ed8cb20916c3bff86db'} DATA={"username": "797uu1@bk.ru"}
2023-02-14 11:26:09,880 - tuyacloud.TuyaCloudClient - DEBUG - Request URL: https://openapi.tuyaeu.com/v1.0/industry/auth/ticket
2023-02-14 11:26:09,882 - tuyacloud.TuyaCloudClient - DEBUG - POST: URL=https://openapi.tuyaeu.com/v1.0/industry/auth/ticket HEADERS={'Content-type': 'application/json', 'Signature-Headers': 'Content-type', 'client_id': '4fuehnegqrfqspnpymn9', 'sign': 'D59DC95713FBEBEE0397A54AE9C44C4CC10902EA4D7414B1CBC0FE047999D011', 't': '1676363169880', 'sign_method': 'HMAC-SHA256', 'access_token': '87cd707171233ed8cb20916c3bff86db'} DATA={"username": "797uu1@bk.ru"}
2023-02-14 11:26:25,003 - tuyacloud.TuyaCloudClient - INFO - script started
2023-02-14 11:26:25,004 - tuyacloud.TuyaCloudClient - DEBUG - Request URL: https://openapi.tuyaeu.com/v1.0/token?grant_type=1
2023-02-14 11:26:25,279 - tuyacloud.TuyaCloudClient - DEBUG - GET: response code=200 text={"result":{"access_token":"87cd707171233ed8cb20916c3bff86db","expire_time":5465,"refresh_token":"9af4401c25a3a54f3e33ad41c37c7c4b","uid":"ay1563288557476XuyqE"},"success":true,"t":1676363184601,"tid":"44d3e81dac4111ed838e2a0aa76353ad"} token=None
2023-02-14 11:26:25,280 - tuyacloud.TuyaCloudClient - DEBUG - Request URL: https://openapi.tuyaeu.com/v1.0/industry/auth/admin
2023-02-14 11:26:25,280 - tuyacloud.TuyaCloudClient - DEBUG - POST: URL=https://openapi.tuyaeu.com/v1.0/industry/auth/admin HEADERS={'Content-type': 'application/json', 'Signature-Headers': 'Content-type', 'client_id': '4fuehnegqrfqspnpymn9', 'sign': '95BACEBD6A7D1ACC2F9FB4282EAE12340CE6A711FD23EDDE29DDCD1B30166B11', 't': '1676363185279', 'sign_method': 'HMAC-SHA256', 'access_token': '87cd707171233ed8cb20916c3bff86db'} DATA={"username": "797uu1@bk.ru"}
2023-02-14 11:26:25,574 - tuyacloud.TuyaCloudClient - DEBUG - Request URL: https://openapi.tuyaeu.com/v1.0/industry/auth/ticket
2023-02-14 11:26:25,574 - tuyacloud.TuyaCloudClient - DEBUG - POST: URL=https://openapi.tuyaeu.com/v1.0/industry/auth/ticket HEADERS={'Content-type': 'application/json', 'Signature-Headers': 'Content-type', 'client_id': '4fuehnegqrfqspnpymn9', 'sign': 'F187A8001AC3E0C0EAC26518AFEAF96559D171297DE85D6777CA8947E5B1464D', 't': '1676363185573', 'sign_method': 'HMAC-SHA256', 'access_token': '87cd707171233ed8cb20916c3bff86db'} DATA={"username": "797uu1@bk.ru"}
2023-02-14 11:26:25,886 - tuyacloud.TuyaCloudClient - DEBUG - Request URL: https://openapi.tuyaeu.com/v1.0/illumination/account/permission/add
2023-02-14 11:26:25,887 - tuyacloud.TuyaCloudClient - DEBUG - POST: URL=https://openapi.tuyaeu.com/v1.0/illumination/account/permission/add HEADERS={'Content-type': 'application/json', 'Signature-Headers': 'Content-type', 'client_id': '4fuehnegqrfqspnpymn9', 'sign': '3C752F6C1CF3C13B23ED94B9469E3BBFF025B0FB2328C1225F12352813532287', 't': '1676363185886', 'sign_method': 'HMAC-SHA256', 'access_token': '87cd707171233ed8cb20916c3bff86db'} DATA={"tuyaUid": "eu1573240497078AokHW", "projectId": "p16664581051628jfm7c", "roomIdList": ["21078434", "21078435"]}
2023-02-14 11:28:42,070 - tuyacloud.TuyaCloudClient - INFO - script started
2023-02-14 11:28:42,070 - tuyacloud.TuyaCloudClient - DEBUG - Request URL: https://openapi.tuyaeu.com/v1.0/token?grant_type=1
2023-02-14 11:28:42,388 - tuyacloud.TuyaCloudClient - DEBUG - GET: response code=200 text={"result":{"access_token":"87cd707171233ed8cb20916c3bff86db","expire_time":5328,"refresh_token":"9af4401c25a3a54f3e33ad41c37c7c4b","uid":"ay1563288557476XuyqE"},"success":true,"t":1676363321698,"tid":"968b7042ac4111edaee5be2f74bef187"} token=None
2023-02-14 11:28:42,389 - tuyacloud.TuyaCloudClient - DEBUG - Request URL: https://openapi.tuyaeu.com/v1.0/industry/auth/ticket
2023-02-14 11:28:42,389 - tuyacloud.TuyaCloudClient - DEBUG - POST: URL=https://openapi.tuyaeu.com/v1.0/industry/auth/ticket HEADERS={'Content-type': 'application/json', 'Signature-Headers': 'Content-type', 'client_id': '4fuehnegqrfqspnpymn9', 'sign': 'A9F10633C8C3BC2E71D70A0C262706F4CF6FCC97145FE653DC3943F925E2D68D', 't': '1676363322389', 'sign_method': 'HMAC-SHA256', 'access_token': '87cd707171233ed8cb20916c3bff86db'} DATA={"username": "797uu1@bk.ru"}
2023-02-14 11:29:09,627 - tuyacloud.TuyaCloudClient - INFO - script started
2023-02-14 11:29:09,628 - tuyacloud.TuyaCloudClient - DEBUG - Request URL: https://openapi.tuyaeu.com/v1.0/token?grant_type=1
2023-02-14 11:29:09,785 - tuyacloud.TuyaCloudClient - DEBUG - GET: response code=200 text={"result":{"access_token":"87cd707171233ed8cb20916c3bff86db","expire_time":5300,"refresh_token":"9af4401c25a3a54f3e33ad41c37c7c4b","uid":"ay1563288557476XuyqE"},"success":true,"t":1676363349110,"tid":"a6e1df54ac4111ed838e2a0aa76353ad"} token=None
2023-02-14 11:29:09,786 - tuyacloud.TuyaCloudClient - DEBUG - Request URL: https://openapi.tuyaeu.com/v1.0/industry/auth/ticket
2023-02-14 11:29:09,786 - tuyacloud.TuyaCloudClient - DEBUG - POST: URL=https://openapi.tuyaeu.com/v1.0/industry/auth/ticket HEADERS={'Content-type': 'application/json', 'Signature-Headers': 'Content-type', 'client_id': '4fuehnegqrfqspnpymn9', 'sign': '85ADAF20D2C8C988C0F1841B65E8E238FDBFEB9BECB361D341EFC55FCCE3D1CA', 't': '1676363349786', 'sign_method': 'HMAC-SHA256', 'access_token': '87cd707171233ed8cb20916c3bff86db'} DATA={"username": "797uu1@bk.ru"}
